<?xml version="1.0" encoding="UTF-8"?>
<!-- Generated by org.testng.reporters.JUnitReportReporter -->
<testsuite hostname="DESKTOP-N34M6TB" failures="0" tests="2" name="wdTestNG.SimplilearnLoginTest" time="20.926" errors="0" timestamp="14 Aug 2022 10:50:23 GMT" skipped="0">
  <testcase classname="wdTestNG.SimplilearnLoginTest" name="NegativeTest" time="10.506"/>
  <testcase classname="wdTestNG.SimplilearnLoginTest" name="PositiveTest" time="10.420"/>
</testsuite> <!-- wdTestNG.SimplilearnLoginTest -->
