<?xml version="1.0" encoding="UTF-8"?>
<!-- Generated by org.testng.reporters.JUnitReportReporter -->
<testsuite hostname="DESKTOP-N34M6TB" failures="0" tests="1" name="wdTestNG.HomePageTest" time="9.610" errors="0" timestamp="14 Aug 2022 10:50:23 GMT" skipped="0">
  <testcase classname="wdTestNG.HomePageTest" name="Test1" time="9.610"/>
</testsuite> <!-- wdTestNG.HomePageTest -->
