<?xml version="1.0" encoding="UTF-8"?>
<!-- Generated by org.testng.reporters.JUnitReportReporter -->
<testsuite hostname="DESKTOP-N34M6TB" failures="0" tests="2" name="weTestNG.SimplilearnLoginTest" time="18.785" errors="0" timestamp="14 Aug 2022 10:30:31 GMT" skipped="0">
  <testcase classname="weTestNG.SimplilearnLoginTest" name="NegativeTest" time="9.276"/>
  <testcase classname="weTestNG.SimplilearnLoginTest" name="PositiveTest" time="9.509"/>
</testsuite> <!-- weTestNG.SimplilearnLoginTest -->
