<?xml version="1.0" encoding="UTF-8"?>
<!-- Generated by org.testng.reporters.JUnitReportReporter -->
<testsuite hostname="DESKTOP-N34M6TB" failures="0" tests="1" name="weTestNG.HomePageTest" time="12.948" errors="0" timestamp="14 Aug 2022 10:30:31 GMT" skipped="0">
  <testcase classname="weTestNG.HomePageTest" name="Test1" time="12.948"/>
</testsuite> <!-- weTestNG.HomePageTest -->
