<?xml version="1.0" encoding="UTF-8"?>
<!-- Generated by org.testng.reporters.JUnitReportReporter -->
<testsuite hostname="DESKTOP-N34M6TB" failures="0" tests="3" name="testNG.AccountTest" time="0.009" errors="0" timestamp="13 Aug 2022 15:20:03 GMT" skipped="0">
  <testcase classname="testNG.AccountTest" name="SavingAccountTest2" time="0.001"/>
  <testcase classname="testNG.AccountTest" name="CheckingAccountTest2" time="0.006"/>
  <testcase classname="testNG.AccountTest" name="SavingAccountTest1" time="0.002"/>
</testsuite> <!-- testNG.AccountTest -->
