<?xml version="1.0" encoding="UTF-8"?>
<!-- Generated by org.testng.reporters.JUnitReportReporter -->
<testsuite hostname="DESKTOP-N34M6TB" failures="0" tests="1" name="wedTestNG.SimplilearnLogin" time="16.779" errors="0" timestamp="13 Aug 2022 16:20:05 GMT" skipped="0">
  <testcase classname="wedTestNG.SimplilearnLogin" name="Test1" time="16.779"/>
</testsuite> <!-- wedTestNG.SimplilearnLogin -->
