<?xml version="1.0" encoding="UTF-8"?>
<!-- Generated by org.testng.reporters.JUnitReportReporter -->
<testsuite hostname="DESKTOP-N34M6TB" failures="0" tests="2" name="wdTestNG.SimplilearnLoginTest" time="28.318" errors="0" timestamp="16 Aug 2022 12:28:07 GMT" skipped="0">
  <testcase classname="wdTestNG.SimplilearnLoginTest" name="PositiveTest" time="15.024"/>
  <testcase classname="wdTestNG.SimplilearnLoginTest" name="NegativeTest" time="13.294"/>
</testsuite> <!-- wdTestNG.SimplilearnLoginTest -->
