<?xml version="1.0" encoding="UTF-8"?>
<!-- Generated by org.testng.reporters.JUnitReportReporter -->
<testsuite hostname="DESKTOP-N34M6TB" failures="0" tests="1" name="wdTestNG.HomePageTest" time="13.186" errors="0" timestamp="16 Aug 2022 12:28:07 GMT" skipped="0">
  <testcase classname="wdTestNG.HomePageTest" name="Test1" time="13.186"/>
</testsuite> <!-- wdTestNG.HomePageTest -->
